<?xml version="1.0" encoding="UTF-8"?>
<testng-results ignored="0" total="2" passed="2" failed="0" skipped="0">
  <reporter-output>
  </reporter-output>
  <suite started-at="2024-05-29T11:18:15 IST" name="Default suite" finished-at="2024-05-29T11:18:26 IST" duration-ms="10831">
    <groups>
    </groups>
    <test started-at="2024-05-29T11:18:15 IST" name="Default test" finished-at="2024-05-29T11:18:26 IST" duration-ms="10831">
      <class name="testngdemo.testnglogin">
        <test-method signature="login([Ljava.lang.String;)[pri:0, instance:testngdemo.testnglogin@3270d194]" started-at="2024-05-29T11:18:15 IST" name="login" data-provider="getdata" finished-at="2024-05-29T11:18:22 IST" duration-ms="7282" status="PASS">
          <params>
            <param index="0">
              <value>
                <![CDATA[[Ljava.lang.String;@625e134e]]>
              </value>
            </param>
          </params>
          <reporter-output>
          </reporter-output>
        </test-method> <!-- login -->
        <test-method signature="login([Ljava.lang.String;)[pri:0, instance:testngdemo.testnglogin@3270d194]" started-at="2024-05-29T11:18:22 IST" name="login" data-provider="getdata" finished-at="2024-05-29T11:18:26 IST" duration-ms="3482" status="PASS">
          <params>
            <param index="0">
              <value>
                <![CDATA[[Ljava.lang.String;@5cc126dc]]>
              </value>
            </param>
          </params>
          <reporter-output>
          </reporter-output>
        </test-method> <!-- login -->
      </class> <!-- testngdemo.testnglogin -->
    </test> <!-- Default test -->
  </suite> <!-- Default suite -->
</testng-results>
